  main.cpp
C:\Users\USER\Documents\data-structure-lab-2025\data-structure-lab-2025\Lec04_Array\Lec04_class\Music.h(33,3): error C2440: 'return': 'int'에서 'std::basic_string<char,std::char_traits<char>,std::allocator<char>>'(으)로 변환할 수 없습니다.
  (소스 파일 'main.cpp'을(를) 컴파일하는 중)
  C:\Users\USER\Documents\data-structure-lab-2025\data-structure-lab-2025\Lec04_Array\Lec04_class\Music.h(33,3):
  'std::basic_string<char,std::char_traits<char>,std::allocator<char>>::basic_string': 모든 인수 형식을 변환할 수 있는 오버로드된 함수가 없습니다.
  	C:\Program Files\Microsoft Visual Studio\2022\Community\VC\Tools\MSVC\14.38.33130\include\xstring(2545,5):
  	'std::basic_string<char,std::char_traits<char>,std::allocator<char>>::basic_string(const _Elem *const )'일 수 있습니다.
          with
          [
              _Elem=char
          ]
  		C:\Users\USER\Documents\data-structure-lab-2025\data-structure-lab-2025\Lec04_Array\Lec04_class\Music.h(33,3):
  		'std::basic_string<char,std::char_traits<char>,std::allocator<char>>::basic_string(const _Elem *const )': 인수 1을(를) 'int'에서 'const _Elem *const '(으)로 변환할 수 없습니다.
          with
          [
              _Elem=char
          ]
  			C:\Users\USER\Documents\data-structure-lab-2025\data-structure-lab-2025\Lec04_Array\Lec04_class\Music.h(33,10):
  			정수 계열 형식에서 포인터 형식으로 변환하려면 reinterpret_cast, C 스타일 캐스트 또는 괄호가 있는 함수 스타일 캐스트가 필요합니다.
  	C:\Program Files\Microsoft Visual Studio\2022\Community\VC\Tools\MSVC\14.38.33130\include\xstring(3092,5):
  	또는       'std::basic_string<char,std::char_traits<char>,std::allocator<char>>::basic_string(std::initializer_list<_Elem>,const _Alloc &)'
          with
          [
              _Elem=char,
              _Alloc=std::allocator<char>
          ]
  		C:\Users\USER\Documents\data-structure-lab-2025\data-structure-lab-2025\Lec04_Array\Lec04_class\Music.h(33,3):
  		'std::basic_string<char,std::char_traits<char>,std::allocator<char>>::basic_string(std::initializer_list<_Elem>,const _Alloc &)': 인수 1을(를) 'int'에서 'std::initializer_list<_Elem>'(으)로 변환할 수 없습니다.
          with
          [
              _Elem=char,
              _Alloc=std::allocator<char>
          ]
          and
          [
              _Elem=char
          ]
  			C:\Users\USER\Documents\data-structure-lab-2025\data-structure-lab-2025\Lec04_Array\Lec04_class\Music.h(33,10):
  			변환하려면 둘째 사용자 정의 변환 연산자 또는 생성자가 있어야 합니다.
  	C:\Program Files\Microsoft Visual Studio\2022\Community\VC\Tools\MSVC\14.38.33130\include\xstring(2575,5):
  	또는       'std::basic_string<char,std::char_traits<char>,std::allocator<char>>::basic_string(_Iter,_Iter,const _Alloc &)'
          with
          [
              _Alloc=std::allocator<char>
          ]
  	C:\Users\USER\Documents\data-structure-lab-2025\data-structure-lab-2025\Lec04_Array\Lec04_class\Music.h(33,3):
  	인수 목록 '(int)'을(를) 일치시키는 동안
  
C:\Users\USER\Documents\data-structure-lab-2025\data-structure-lab-2025\Lec04_Array\Lec04_class\Music.h(46,24): error C2065: 'servcie_name': 선언되지 않은 식별자입니다.
  (소스 파일 'main.cpp'을(를) 컴파일하는 중)
  
C:\Users\USER\Documents\data-structure-lab-2025\data-structure-lab-2025\Lec04_Array\Lec04_class\Music.h(69,22): error C2039: 'getArtist': 'Music'의 멤버가 아닙니다.
  (소스 파일 'main.cpp'을(를) 컴파일하는 중)
  C:\Users\USER\Documents\data-structure-lab-2025\data-structure-lab-2025\Lec04_Array\Lec04_class\Music.h(9,7):
  'Music' 선언을 참조하십시오.
  
C:\Users\USER\Documents\data-structure-lab-2025\data-structure-lab-2025\Lec04_Array\Lec04_class\Music.h(70,5): error C2065: 'result': 선언되지 않은 식별자입니다.
  (소스 파일 'main.cpp'을(를) 컴파일하는 중)
  
C:\Users\USER\Documents\data-structure-lab-2025\data-structure-lab-2025\Lec04_Array\Lec04_class\main.cpp(25,62): error C2039: 'getArtist': 'Music'의 멤버가 아닙니다.
  C:\Users\USER\Documents\data-structure-lab-2025\data-structure-lab-2025\Lec04_Array\Lec04_class\Music.h(9,7):
  'Music' 선언을 참조하십시오.
  
C:\Users\USER\Documents\data-structure-lab-2025\data-structure-lab-2025\Lec04_Array\Lec04_class\main.cpp(36,43): error C2039: 'searchByArtist': 'MusicStreamingService'의 멤버가 아닙니다.
  C:\Users\USER\Documents\data-structure-lab-2025\data-structure-lab-2025\Lec04_Array\Lec04_class\Music.h(37,7):
  'MusicStreamingService' 선언을 참조하십시오.
  
C:\Users\USER\Documents\data-structure-lab-2025\data-structure-lab-2025\Lec04_Array\Lec04_class\main.cpp(36,58): error C2065: 'artist': 선언되지 않은 식별자입니다.
C:\Users\USER\Documents\data-structure-lab-2025\data-structure-lab-2025\Lec04_Array\Lec04_class\main.cpp(38,83): error C2065: 'endi': 선언되지 않은 식별자입니다.
C:\Users\USER\Documents\data-structure-lab-2025\data-structure-lab-2025\Lec04_Array\Lec04_class\main.cpp(39,44): error C2143: 구문 오류: ';'이(가) ':' 앞에 없습니다.
C:\Users\USER\Documents\data-structure-lab-2025\data-structure-lab-2025\Lec04_Array\Lec04_class\main.cpp(39,44): error C2143: 구문 오류: ')'이(가) ':' 앞에 없습니다.
C:\Users\USER\Documents\data-structure-lab-2025\data-structure-lab-2025\Lec04_Array\Lec04_class\main.cpp(39,44): error C2059: 구문 오류: ':'
C:\Users\USER\Documents\data-structure-lab-2025\data-structure-lab-2025\Lec04_Array\Lec04_class\main.cpp(39,49): error C2059: 구문 오류: ')'
C:\Users\USER\Documents\data-structure-lab-2025\data-structure-lab-2025\Lec04_Array\Lec04_class\main.cpp(39,51): error C2143: 구문 오류: ';'이(가) '{' 앞에 없습니다.
C:\Users\USER\Documents\data-structure-lab-2025\data-structure-lab-2025\Lec04_Array\Lec04_class\main.cpp(40,12): error C2065: 'artust_result': 선언되지 않은 식별자입니다.
C:\Users\USER\Documents\data-structure-lab-2025\data-structure-lab-2025\Lec04_Array\Lec04_class\main.cpp(40,26): error C2065: 'i': 선언되지 않은 식별자입니다.
C:\Users\USER\Documents\data-structure-lab-2025\data-structure-lab-2025\Lec04_Array\Lec04_class\main.cpp(42,2): error C2181: if와 짝을 이루지 않는 잘못된 else문입니다.
